<?xml version="1.0" encoding="UTF-8" ?>
<testsuite tests="35" failures="0" name="praktikum.BurgerTest" time="1.453" errors="0" skipped="0">
  <properties>
[...]
</properties>
  <testcase classname="praktikum.BurgerTest" name="removeNotSingleIngredientSuccessfully[0]" time="1.351"/>
  <testcase classname="praktikum.BurgerTest" name="setBunsSuccessfully[0]" time="0"/>
  <testcase classname="praktikum.BurgerTest" name="getReceiptShouldPrintCorrectInfo[0]" time="0.05"/>
  <testcase classname="praktikum.BurgerTest" name="addIngredientSuccessfully[0]" time="0.003"/>
  <testcase classname="praktikum.BurgerTest" name="moveIngredientSuccessfully[0]" time="0"/>
  <testcase classname="praktikum.BurgerTest" name="getPriceCorrect[0]" time="0.003"/>
  <testcase classname="praktikum.BurgerTest" name="removeSingleIngredientSuccessfully[0]" time="0.001"/>
  <testcase classname="praktikum.BurgerTest" name="removeNotSingleIngredientSuccessfully[1]" time="0.001"/>
  <testcase classname="praktikum.BurgerTest" name="setBunsSuccessfully[1]" time="0.001"/>
  <testcase classname="praktikum.BurgerTest" name="getReceiptShouldPrintCorrectInfo[1]" time="0.008"/>
  <testcase classname="praktikum.BurgerTest" name="addIngredientSuccessfully[1]" time="0"/>
  <testcase classname="praktikum.BurgerTest" name="moveIngredientSuccessfully[1]" time="0"/>
  <testcase classname="praktikum.BurgerTest" name="getPriceCorrect[1]" time="0.004"/>
  <testcase classname="praktikum.BurgerTest" name="removeSingleIngredientSuccessfully[1]" time="0"/>
  <testcase classname="praktikum.BurgerTest" name="removeNotSingleIngredientSuccessfully[2]" time="0"/>
  <testcase classname="praktikum.BurgerTest" name="setBunsSuccessfully[2]" time="0.002"/>
  <testcase classname="praktikum.BurgerTest" name="getReceiptShouldPrintCorrectInfo[2]" time="0.004"/>
  <testcase classname="praktikum.BurgerTest" name="addIngredientSuccessfully[2]" time="0.001"/>
  <testcase classname="praktikum.BurgerTest" name="moveIngredientSuccessfully[2]" time="0"/>
  <testcase classname="praktikum.BurgerTest" name="getPriceCorrect[2]" time="0.002"/>
  <testcase classname="praktikum.BurgerTest" name="removeSingleIngredientSuccessfully[2]" time="0.001"/>
  <testcase classname="praktikum.BurgerTest" name="removeNotSingleIngredientSuccessfully[3]" time="0.001"/>
  <testcase classname="praktikum.BurgerTest" name="setBunsSuccessfully[3]" time="0"/>
  <testcase classname="praktikum.BurgerTest" name="getReceiptShouldPrintCorrectInfo[3]" time="0.003"/>
  <testcase classname="praktikum.BurgerTest" name="addIngredientSuccessfully[3]" time="0.001"/>
  <testcase classname="praktikum.BurgerTest" name="moveIngredientSuccessfully[3]" time="0.001"/>
  <testcase classname="praktikum.BurgerTest" name="getPriceCorrect[3]" time="0.001"/>
  <testcase classname="praktikum.BurgerTest" name="removeSingleIngredientSuccessfully[3]" time="0.001"/>
  <testcase classname="praktikum.BurgerTest" name="removeNotSingleIngredientSuccessfully[4]" time="0.001"/>
  <testcase classname="praktikum.BurgerTest" name="setBunsSuccessfully[4]" time="0.001"/>
  <testcase classname="praktikum.BurgerTest" name="getReceiptShouldPrintCorrectInfo[4]" time="0.004"/>
  <testcase classname="praktikum.BurgerTest" name="addIngredientSuccessfully[4]" time="0.001"/>
  <testcase classname="praktikum.BurgerTest" name="moveIngredientSuccessfully[4]" time="0"/>
  <testcase classname="praktikum.BurgerTest" name="getPriceCorrect[4]" time="0.002"/>
  <testcase classname="praktikum.BurgerTest" name="removeSingleIngredientSuccessfully[4]" time="0.004"/>
</testsuite>